\BOOKMARK [0][-]{chapter.1}{\376\377\0001\000\040\000V\000e\000c\000t\000o\000r\000s\000\040\000i\000n\000\040\000C\000l\000a\000s\000s\000i\000c\000a\000l\000\040\000P\000h\000y\000s\000i\000c\000s}{}% 1
\BOOKMARK [1][-]{section.1.1}{\376\377\0001\000.\0001\000\040\000T\000h\000e\000\040\000S\000c\000a\000l\000a\000r\000\040\000P\000r\000o\000d\000u\000c\000t}{chapter.1}% 2
\BOOKMARK [2][-]{subsection.1.1.1}{\376\377\0001\000.\0001\000.\0001\000\040\000M\000o\000t\000i\000v\000a\000t\000i\000o\000n\000\040\000a\000n\000d\000\040\000C\000o\000n\000t\000e\000x\000t}{section.1.1}% 3
\BOOKMARK [2][-]{subsection.1.1.2}{\376\377\0001\000.\0001\000.\0002\000\040\000D\000e\000f\000i\000n\000i\000t\000i\000o\000n\000\040\000a\000n\000d\000\040\000B\000a\000s\000i\000c\000\040\000P\000r\000o\000p\000e\000r\000t\000i\000e\000s}{section.1.1}% 4
\BOOKMARK [2][-]{subsection.1.1.3}{\376\377\0001\000.\0001\000.\0003\000\040\000D\000i\000s\000t\000r\000i\000b\000u\000t\000i\000v\000i\000t\000y\000:\000\040\000A\000\040\000C\000o\000m\000p\000l\000e\000t\000e\000\040\000G\000e\000o\000m\000e\000t\000r\000i\000c\000\040\000P\000r\000o\000o\000f}{section.1.1}% 5
\BOOKMARK [2][-]{subsection.1.1.4}{\376\377\0001\000.\0001\000.\0004\000\040\000A\000l\000g\000e\000b\000r\000a\000i\000c\000\040\000F\000o\000r\000m\000\040\000i\000n\000\040\000C\000a\000r\000t\000e\000s\000i\000a\000n\000\040\000C\000o\000o\000r\000d\000i\000n\000a\000t\000e\000s}{section.1.1}% 6
\BOOKMARK [1][-]{section.1.2}{\376\377\0001\000.\0002\000\040\000R\000o\000t\000a\000t\000i\000o\000n\000\040\000o\000f\000\040\000t\000h\000e\000\040\000C\000o\000o\000r\000d\000i\000n\000a\000t\000e\000\040\000S\000y\000s\000t\000e\000m\000:\000\040\000O\000r\000t\000h\000o\000g\000o\000n\000a\000l\000\040\000T\000r\000a\000n\000s\000f\000o\000r\000m\000a\000t\000i\000o\000n\000s}{chapter.1}% 7
\BOOKMARK [2][-]{subsection.1.2.1}{\376\377\0001\000.\0002\000.\0001\000\040\000M\000o\000t\000i\000v\000a\000t\000i\000o\000n}{section.1.2}% 8
\BOOKMARK [2][-]{subsection.1.2.2}{\376\377\0001\000.\0002\000.\0002\000\040\000T\000h\000e\000\040\000R\000o\000t\000a\000t\000i\000o\000n\000\040\000M\000a\000t\000r\000i\000x}{section.1.2}% 9
\BOOKMARK [2][-]{subsection.1.2.3}{\376\377\0001\000.\0002\000.\0003\000\040\000O\000r\000t\000h\000o\000g\000o\000n\000a\000l\000i\000t\000y\000\040\000R\000e\000l\000a\000t\000i\000o\000n\000s\000:\000\040\000C\000o\000m\000p\000l\000e\000t\000e\000\040\000D\000e\000r\000i\000v\000a\000t\000i\000o\000n}{section.1.2}% 10
\BOOKMARK [2][-]{subsection.1.2.4}{\376\377\0001\000.\0002\000.\0004\000\040\000C\000o\000u\000n\000t\000i\000n\000g\000\040\000I\000n\000d\000e\000p\000e\000n\000d\000e\000n\000t\000\040\000P\000a\000r\000a\000m\000e\000t\000e\000r\000s}{section.1.2}% 11
\BOOKMARK [2][-]{subsection.1.2.5}{\376\377\0001\000.\0002\000.\0005\000\040\000T\000r\000a\000n\000s\000f\000o\000r\000m\000a\000t\000i\000o\000n\000\040\000o\000f\000\040\000V\000e\000c\000t\000o\000r\000\040\000C\000o\000m\000p\000o\000n\000e\000n\000t\000s}{section.1.2}% 12
\BOOKMARK [2][-]{subsection.1.2.6}{\376\377\0001\000.\0002\000.\0006\000\040\000I\000n\000v\000a\000r\000i\000a\000n\000c\000e\000\040\000o\000f\000\040\000t\000h\000e\000\040\000S\000c\000a\000l\000a\000r\000\040\000P\000r\000o\000d\000u\000c\000t}{section.1.2}% 13
\BOOKMARK [2][-]{subsection.1.2.7}{\376\377\0001\000.\0002\000.\0007\000\040\000K\000e\000y\000\040\000R\000e\000s\000u\000l\000t\000s\000\040\000S\000u\000m\000m\000a\000r\000y}{section.1.2}% 14
\BOOKMARK [1][-]{section.1.3}{\376\377\0001\000.\0003\000\040\000T\000h\000e\000\040\000V\000e\000c\000t\000o\000r\000\040\000P\000r\000o\000d\000u\000c\000t}{chapter.1}% 15
\BOOKMARK [2][-]{subsection.1.3.1}{\376\377\0001\000.\0003\000.\0001\000\040\000O\000v\000e\000r\000v\000i\000e\000w\000\040\000a\000n\000d\000\040\000M\000o\000t\000i\000v\000a\000t\000i\000o\000n}{section.1.3}% 16
\BOOKMARK [2][-]{subsection.1.3.2}{\376\377\0001\000.\0003\000.\0002\000\040\000G\000e\000o\000m\000e\000t\000r\000i\000c\000\040\000D\000e\000f\000i\000n\000i\000t\000i\000o\000n}{section.1.3}% 17
\BOOKMARK [2][-]{subsection.1.3.3}{\376\377\0001\000.\0003\000.\0003\000\040\000T\000h\000e\000\040\000L\000e\000v\000i\000-\000C\000i\000v\000i\000t\000a\000\040\000S\000y\000m\000b\000o\000l}{section.1.3}% 18
\BOOKMARK [2][-]{subsection.1.3.4}{\376\377\0001\000.\0003\000.\0004\000\040\000T\000h\000e\000\040\000F\000u\000n\000d\000a\000m\000e\000n\000t\000a\000l\000\040\000E\000p\000s\000i\000l\000o\000n\000-\000D\000e\000l\000t\000a\000\040\000I\000d\000e\000n\000t\000i\000t\000y}{section.1.3}% 19
\BOOKMARK [2][-]{subsection.1.3.5}{\376\377\0001\000.\0003\000.\0005\000\040\000A\000l\000g\000e\000b\000r\000a\000i\000c\000\040\000D\000e\000f\000i\000n\000i\000t\000i\000o\000n\000\040\000o\000f\000\040\000t\000h\000e\000\040\000V\000e\000c\000t\000o\000r\000\040\000P\000r\000o\000d\000u\000c\000t}{section.1.3}% 20
\BOOKMARK [2][-]{subsection.1.3.6}{\376\377\0001\000.\0003\000.\0006\000\040\000T\000h\000e\000\040\000B\000A\000C\000-\000C\000A\000B\000\040\000R\000u\000l\000e\000\040\000a\000n\000d\000\040\000V\000e\000c\000t\000o\000r\000\040\000I\000d\000e\000n\000t\000i\000t\000i\000e\000s}{section.1.3}% 21
\BOOKMARK [2][-]{subsection.1.3.7}{\376\377\0001\000.\0003\000.\0007\000\040\000T\000h\000e\000\040\000S\000c\000a\000l\000a\000r\000\040\000T\000r\000i\000p\000l\000e\000\040\000P\000r\000o\000d\000u\000c\000t}{section.1.3}% 22
\BOOKMARK [2][-]{subsection.1.3.8}{\376\377\0001\000.\0003\000.\0008\000\040\000T\000r\000a\000n\000s\000f\000o\000r\000m\000a\000t\000i\000o\000n\000\040\000P\000r\000o\000p\000e\000r\000t\000i\000e\000s\000:\000\040\000V\000e\000c\000t\000o\000r\000s\000\040\000v\000s\000.\000\040\000P\000s\000e\000u\000d\000o\000v\000e\000c\000t\000o\000r\000s}{section.1.3}% 23
\BOOKMARK [2][-]{subsection.1.3.9}{\376\377\0001\000.\0003\000.\0009\000\040\000K\000e\000y\000\040\000R\000e\000s\000u\000l\000t\000s\000\040\000S\000u\000m\000m\000a\000r\000y}{section.1.3}% 24
\BOOKMARK [1][-]{section.1.4}{\376\377\0001\000.\0004\000\040\000A\000\040\000V\000e\000c\000t\000o\000r\000\040\000T\000r\000e\000a\000t\000m\000e\000n\000t\000\040\000o\000f\000\040\000C\000l\000a\000s\000s\000i\000c\000a\000l\000\040\000O\000r\000b\000i\000t\000\040\000T\000h\000e\000o\000r\000y}{chapter.1}% 25
\BOOKMARK [2][-]{subsection.1.4.1}{\376\377\0001\000.\0004\000.\0001\000\040\000O\000v\000e\000r\000v\000i\000e\000w\000\040\000a\000n\000d\000\040\000M\000o\000t\000i\000v\000a\000t\000i\000o\000n}{section.1.4}% 26
\BOOKMARK [2][-]{subsection.1.4.2}{\376\377\0001\000.\0004\000.\0002\000\040\000C\000o\000n\000s\000e\000r\000v\000a\000t\000i\000o\000n\000\040\000o\000f\000\040\000A\000n\000g\000u\000l\000a\000r\000\040\000M\000o\000m\000e\000n\000t\000u\000m}{section.1.4}% 27
\BOOKMARK [2][-]{subsection.1.4.3}{\376\377\0001\000.\0004\000.\0003\000\040\000T\000h\000e\000\040\000I\000n\000v\000e\000r\000s\000e\000-\000S\000q\000u\000a\000r\000e\000\040\000F\000o\000r\000c\000e}{section.1.4}% 28
\BOOKMARK [2][-]{subsection.1.4.4}{\376\377\0001\000.\0004\000.\0004\000\040\000E\000x\000p\000r\000e\000s\000s\000i\000o\000n\000\040\000f\000o\000r\000\040\000A\000n\000g\000u\000l\000a\000r\000\040\000M\000o\000m\000e\000n\000t\000u\000m}{section.1.4}% 29
\BOOKMARK [2][-]{subsection.1.4.5}{\376\377\0001\000.\0004\000.\0005\000\040\000A\000\040\000K\000e\000y\000\040\000D\000e\000r\000i\000v\000a\000t\000i\000v\000e}{section.1.4}% 30
\BOOKMARK [2][-]{subsection.1.4.6}{\376\377\0001\000.\0004\000.\0006\000\040\000T\000h\000e\000\040\000L\000a\000p\000l\000a\000c\000e\040\023\000R\000u\000n\000g\000e\040\023\000L\000e\000n\000z\000\040\000V\000e\000c\000t\000o\000r}{section.1.4}% 31
\BOOKMARK [2][-]{subsection.1.4.7}{\376\377\0001\000.\0004\000.\0007\000\040\000D\000e\000r\000i\000v\000a\000t\000i\000o\000n\000\040\000o\000f\000\040\000t\000h\000e\000\040\000O\000r\000b\000i\000t\000\040\000E\000q\000u\000a\000t\000i\000o\000n}{section.1.4}% 32
\BOOKMARK [2][-]{subsection.1.4.8}{\376\377\0001\000.\0004\000.\0008\000\040\000E\000c\000c\000e\000n\000t\000r\000i\000c\000i\000t\000y\000\040\000i\000n\000\040\000T\000e\000r\000m\000s\000\040\000o\000f\000\040\000E\000n\000e\000r\000g\000y}{section.1.4}% 33
\BOOKMARK [2][-]{subsection.1.4.9}{\376\377\0001\000.\0004\000.\0009\000\040\000K\000e\000y\000\040\000R\000e\000s\000u\000l\000t\000s\000\040\000S\000u\000m\000m\000a\000r\000y}{section.1.4}% 34
\BOOKMARK [1][-]{section.1.5}{\376\377\0001\000.\0005\000\040\000D\000i\000f\000f\000e\000r\000e\000n\000t\000i\000a\000l\000\040\000O\000p\000e\000r\000a\000t\000i\000o\000n\000s\000\040\000o\000n\000\040\000S\000c\000a\000l\000a\000r\000\040\000a\000n\000d\000\040\000V\000e\000c\000t\000o\000r\000\040\000F\000i\000e\000l\000d\000s}{chapter.1}% 35
\BOOKMARK [2][-]{subsection.1.5.1}{\376\377\0001\000.\0005\000.\0001\000\040\000O\000v\000e\000r\000v\000i\000e\000w\000\040\000a\000n\000d\000\040\000M\000o\000t\000i\000v\000a\000t\000i\000o\000n}{section.1.5}% 36
\BOOKMARK [2][-]{subsection.1.5.2}{\376\377\0001\000.\0005\000.\0002\000\040\000O\000r\000t\000h\000o\000g\000o\000n\000a\000l\000\040\000C\000u\000r\000v\000i\000l\000i\000n\000e\000a\000r\000\040\000C\000o\000o\000r\000d\000i\000n\000a\000t\000e\000s}{section.1.5}% 37
\BOOKMARK [2][-]{subsection.1.5.3}{\376\377\0001\000.\0005\000.\0003\000\040\000T\000h\000e\000\040\000G\000r\000a\000d\000i\000e\000n\000t}{section.1.5}% 38
\BOOKMARK [2][-]{subsection.1.5.4}{\376\377\0001\000.\0005\000.\0004\000\040\000T\000h\000e\000\040\000D\000i\000v\000e\000r\000g\000e\000n\000c\000e}{section.1.5}% 39
\BOOKMARK [2][-]{subsection.1.5.5}{\376\377\0001\000.\0005\000.\0005\000\040\000T\000h\000e\000\040\000C\000u\000r\000l}{section.1.5}% 40
\BOOKMARK [2][-]{subsection.1.5.6}{\376\377\0001\000.\0005\000.\0006\000\040\000T\000h\000e\000\040\000L\000a\000p\000l\000a\000c\000i\000a\000n}{section.1.5}% 41
\BOOKMARK [2][-]{subsection.1.5.7}{\376\377\0001\000.\0005\000.\0007\000\040\000V\000e\000c\000t\000o\000r\000\040\000L\000a\000p\000l\000a\000c\000i\000a\000n\000\040\000a\000n\000d\000\040\000I\000m\000p\000o\000r\000t\000a\000n\000t\000\040\000I\000d\000e\000n\000t\000i\000t\000i\000e\000s}{section.1.5}% 42
\BOOKMARK [2][-]{subsection.1.5.8}{\376\377\0001\000.\0005\000.\0008\000\040\000F\000u\000n\000d\000a\000m\000e\000n\000t\000a\000l\000\040\000I\000d\000e\000n\000t\000i\000t\000i\000e\000s\000:\000\040\000C\000u\000r\000l\000\040\000o\000f\000\040\000G\000r\000a\000d\000i\000e\000n\000t\000\040\000a\000n\000d\000\040\000D\000i\000v\000e\000r\000g\000e\000n\000c\000e\000\040\000o\000f\000\040\000C\000u\000r\000l}{section.1.5}% 43
\BOOKMARK [2][-]{subsection.1.5.9}{\376\377\0001\000.\0005\000.\0009\000\040\000A\000p\000p\000l\000i\000c\000a\000t\000i\000o\000n\000:\000\040\000M\000a\000x\000w\000e\000l\000l\000'\000s\000\040\000E\000q\000u\000a\000t\000i\000o\000n\000s}{section.1.5}% 44
\BOOKMARK [2][-]{subsection.1.5.10}{\376\377\0001\000.\0005\000.\0001\0000\000\040\000K\000e\000y\000\040\000R\000e\000s\000u\000l\000t\000s\000\040\000S\000u\000m\000m\000a\000r\000y}{section.1.5}% 45
